<?xml version="1.0" encoding="UTF-8"?>
<!-- Generated by org.testng.reporters.JUnitXMLReporter -->
<testsuite hostname="DESKTOP-NL56T62" failures="0" tests="5" name="Surefire test" time="0.034" errors="0" timestamp="9 Feb 2021 03:37:06 GMT">
  <testcase classname="joebprojects.AppiumTest" name="AppiumTest1" time="0.012"/>
  <testcase classname="joebprojects.AppiumTest" name="AppiumTest2" time="0.0"/>
  <testcase classname="joebprojects.RestAssuredTest" name="ApiTest1" time="0.001"/>
  <testcase classname="joebprojects.RestAssuredTest" name="ApiTest2" time="0.002"/>
  <testcase classname="joebprojects.SeleniumTest" name="SeleniumTest2" time="0.001"/>
</testsuite> <!-- Surefire test -->
