<?xml version="1.0" encoding="UTF-8"?>
<testsuite xmlns:xsi="http://www.w3.org/2001/XMLSchema-instance" xsi:noNamespaceSchemaLocation="https://maven.apache.org/surefire/maven-surefire-plugin/xsd/surefire-test-report.xsd" name="TestSuite" time="0.874" tests="5" errors="0" skipped="0" failures="0">
  <properties>
[...]
</properties>
  <testcase name="AppiumTest1" classname="joebprojects.AppiumTest" time="0.01"/>
  <testcase name="AppiumTest2" classname="joebprojects.AppiumTest" time="0.001"/>
  <testcase name="ApiTest1" classname="joebprojects.RestAssuredTest" time="0.001"/>
  <testcase name="ApiTest2" classname="joebprojects.RestAssuredTest" time="0.001"/>
  <testcase name="SeleniumTest2" classname="joebprojects.SeleniumTest" time="0.002"/>
</testsuite>