<?xml version="1.0" encoding="UTF-8"?>
<testng-results total="5" passed="5" failed="0" skipped="0">
  <reporter-output>
  </reporter-output>
  <suite started-at="2021-02-09T03:37:06Z" name="Surefire suite" finished-at="2021-02-09T03:37:06Z" duration-ms="34">
    <groups>
    </groups>
    <test started-at="2021-02-09T03:37:06Z" name="Surefire test" finished-at="2021-02-09T03:37:06Z" duration-ms="34">
      <class name="joebprojects.SeleniumTest">
        <test-method signature="SeleniumTest2()[pri:0, instance:joebprojects.SeleniumTest@72057ecf]" started-at="2021-02-08T22:37:06Z" name="SeleniumTest2" finished-at="2021-02-08T22:37:06Z" duration-ms="1" status="PASS">
          <reporter-output>
          </reporter-output>
        </test-method> <!-- SeleniumTest2 -->
      </class> <!-- joebprojects.SeleniumTest -->
      <class name="joebprojects.AppiumTest">
        <test-method signature="AppiumTest1()[pri:0, instance:joebprojects.AppiumTest@56620197]" started-at="2021-02-08T22:37:06Z" name="AppiumTest1" finished-at="2021-02-08T22:37:06Z" duration-ms="12" status="PASS">
          <reporter-output>
          </reporter-output>
        </test-method> <!-- AppiumTest1 -->
        <test-method signature="AppiumTest2()[pri:0, instance:joebprojects.AppiumTest@56620197]" started-at="2021-02-08T22:37:06Z" name="AppiumTest2" finished-at="2021-02-08T22:37:06Z" duration-ms="0" status="PASS">
          <reporter-output>
          </reporter-output>
        </test-method> <!-- AppiumTest2 -->
      </class> <!-- joebprojects.AppiumTest -->
      <class name="joebprojects.RestAssuredTest">
        <test-method signature="ApiTest1()[pri:0, instance:joebprojects.RestAssuredTest@192d43ce]" started-at="2021-02-08T22:37:06Z" name="ApiTest1" finished-at="2021-02-08T22:37:06Z" duration-ms="1" status="PASS">
          <reporter-output>
          </reporter-output>
        </test-method> <!-- ApiTest1 -->
        <test-method signature="ApiTest2()[pri:0, instance:joebprojects.RestAssuredTest@192d43ce]" started-at="2021-02-08T22:37:06Z" name="ApiTest2" finished-at="2021-02-08T22:37:06Z" duration-ms="2" status="PASS">
          <reporter-output>
          </reporter-output>
        </test-method> <!-- ApiTest2 -->
      </class> <!-- joebprojects.RestAssuredTest -->
    </test> <!-- Surefire test -->
  </suite> <!-- Surefire suite -->
</testng-results>
